<?xml version="1.0" encoding="UTF-8"?>
<testng-results ignored="0" total="4" passed="4" failed="0" skipped="0">
  <reporter-output>
  </reporter-output>
  <suite started-at="2024-02-27T20:45:38 IST" name="Default suite" finished-at="2024-02-27T20:48:28 IST" duration-ms="169765">
    <groups>
      <group name="cucumber">
        <method signature="AbstractTestNGCucumberTests.runScenario(io.cucumber.testng.PickleWrapper,io.cucumber.testng.FeatureWrapper)[pri:0, instance:worldClock.TestRunner.loginTestRunner@72bc6553]" name="runScenario" class="io.cucumber.testng.AbstractTestNGCucumberTests"/>
      </group> <!-- cucumber -->
    </groups>
    <test started-at="2024-02-27T20:45:38 IST" name="Default test" finished-at="2024-02-27T20:48:28 IST" duration-ms="169765">
      <class name="worldClock.TestRunner.loginTestRunner">
        <test-method is-config="true" signature="setUpClass(org.testng.ITestContext)[pri:0, instance:worldClock.TestRunner.loginTestRunner@72bc6553]" started-at="2024-02-27T20:45:38 IST" name="setUpClass" finished-at="2024-02-27T20:45:58 IST" duration-ms="19527" status="PASS">
          <params>
            <param index="0">
              <value>
                <![CDATA[org.testng.TestRunner@4727e5fc]]>
              </value>
            </param>
          </params>
          <reporter-output>
          </reporter-output>
        </test-method> <!-- setUpClass -->
        <test-method signature="runScenario(io.cucumber.testng.PickleWrapper,io.cucumber.testng.FeatureWrapper)[pri:0, instance:worldClock.TestRunner.loginTestRunner@72bc6553]" started-at="2024-02-27T20:45:58 IST" name="runScenario" description="Runs Cucumber Scenarios" data-provider="scenarios" finished-at="2024-02-27T20:46:00 IST" duration-ms="2461" status="PASS">
          <params>
            <param index="0">
              <value>
                <![CDATA["Navigate to practo.com"]]>
              </value>
            </param>
            <param index="1">
              <value>
                <![CDATA["Finding Hospitals"]]>
              </value>
            </param>
          </params>
          <reporter-output>
          </reporter-output>
        </test-method> <!-- runScenario -->
        <test-method signature="runScenario(io.cucumber.testng.PickleWrapper,io.cucumber.testng.FeatureWrapper)[pri:0, instance:worldClock.TestRunner.loginTestRunner@72bc6553]" started-at="2024-02-27T20:46:00 IST" name="runScenario" description="Runs Cucumber Scenarios" data-provider="scenarios" finished-at="2024-02-27T20:47:18 IST" duration-ms="77492" status="PASS">
          <params>
            <param index="0">
              <value>
                <![CDATA["searching for dentists in enterd location"]]>
              </value>
            </param>
            <param index="1">
              <value>
                <![CDATA["Finding Hospitals"]]>
              </value>
            </param>
          </params>
          <reporter-output>
          </reporter-output>
        </test-method> <!-- runScenario -->
        <test-method signature="runScenario(io.cucumber.testng.PickleWrapper,io.cucumber.testng.FeatureWrapper)[pri:0, instance:worldClock.TestRunner.loginTestRunner@72bc6553]" started-at="2024-02-27T20:47:18 IST" name="runScenario" description="Runs Cucumber Scenarios" data-provider="scenarios" finished-at="2024-02-27T20:47:31 IST" duration-ms="13232" status="PASS">
          <params>
            <param index="0">
              <value>
                <![CDATA["Extracting surgery names"]]>
              </value>
            </param>
            <param index="1">
              <value>
                <![CDATA["Finding Hospitals"]]>
              </value>
            </param>
          </params>
          <reporter-output>
          </reporter-output>
        </test-method> <!-- runScenario -->
        <test-method signature="runScenario(io.cucumber.testng.PickleWrapper,io.cucumber.testng.FeatureWrapper)[pri:0, instance:worldClock.TestRunner.loginTestRunner@72bc6553]" started-at="2024-02-27T20:47:31 IST" name="runScenario" description="Runs Cucumber Scenarios" data-provider="scenarios" finished-at="2024-02-27T20:48:14 IST" duration-ms="42574" status="PASS">
          <params>
            <param index="0">
              <value>
                <![CDATA["validation of for corporate option"]]>
              </value>
            </param>
            <param index="1">
              <value>
                <![CDATA["Finding Hospitals"]]>
              </value>
            </param>
          </params>
          <reporter-output>
          </reporter-output>
        </test-method> <!-- runScenario -->
        <test-method is-config="true" signature="tearDownClass()[pri:0, instance:worldClock.TestRunner.loginTestRunner@72bc6553]" started-at="2024-02-27T20:48:14 IST" name="tearDownClass" finished-at="2024-02-27T20:48:28 IST" duration-ms="14275" status="PASS">
          <reporter-output>
          </reporter-output>
        </test-method> <!-- tearDownClass -->
      </class> <!-- worldClock.TestRunner.loginTestRunner -->
    </test> <!-- Default test -->
  </suite> <!-- Default suite -->
</testng-results>
